<?xml version="1.0" encoding="UTF-8"?>
<testsuite name="Crear un autor" tests="2" skipped="0" failures="0" errors="0" timestamp="2023-02-23T21:41:37" hostname="DESKTOP-PBMP74A" time="6.815">
  <properties/>
  <testcase name="Creación de autor exitoso" classname="Crear un autor" time="5.611"/>
  <testcase name="Creación de autor no exitoso" classname="Crear un autor" time="1.204"/>
  <system-out><![CDATA[Body:
{
    "id": 1,
    "idBook": 2,
    "firstName": "pepe",
    "lastName": "morales"
}
Body:
{
    "id": 1,
    "idBook": 2,
    "firstName": 1,
    "lastName": 2
}
]]></system-out>
  <system-err><![CDATA[[Test worker] INFO io.cucumber.core.plugin.SerenityReporter - Running feature from file:///D:/sofka/calidad/reto/reto_sura_api/retoSura/retoSura/co.com.retoSura/src/test/resources/features/api/autor/crearAutor.feature
[Test worker] INFO  - 
  _____   ___   ___   _____     ___   _____     _     ___   _____   ___   ___  
 |_   _| | __| / __| |_   _|   / __| |_   _|   /_\   | _ \ |_   _| | __| |   \ 
   | |   | _|  \__ \   | |     \__ \   | |    / _ \  |   /   | |   | _|  | |) |
   |_|   |___| |___/   |_|     |___/   |_|   /_/ \_\ |_|_\   |_|   |___| |___/ 

Creación de autor exitoso(crear-un-autor;creación-de-autor-exitoso)
--------------------------------------------------------------------------------
[Test worker] INFO  - 
  _____   ___   ___   _____     ___     _     ___   ___   ___   ___  
 |_   _| | __| / __| |_   _|   | _ \   /_\   / __| / __| | __| |   \ 
   | |   | _|  \__ \   | |     |  _/  / _ \  \__ \ \__ \ | _|  | |) |
   |_|   |___| |___/   |_|     |_|   /_/ \_\ |___/ |___/ |___| |___/ 

Creación de autor exitoso
----------------------------------------------------------------------
[Test worker] INFO io.cucumber.core.plugin.SerenityReporter - Running feature from file:///D:/sofka/calidad/reto/reto_sura_api/retoSura/retoSura/co.com.retoSura/src/test/resources/features/api/autor/crearAutor.feature
[Test worker] INFO  - 
  _____   ___   ___   _____     ___   _____     _     ___   _____   ___   ___  
 |_   _| | __| / __| |_   _|   / __| |_   _|   /_\   | _ \ |_   _| | __| |   \ 
   | |   | _|  \__ \   | |     \__ \   | |    / _ \  |   /   | |   | _|  | |) |
   |_|   |___| |___/   |_|     |___/   |_|   /_/ \_\ |_|_\   |_|   |___| |___/ 

Creación de autor no exitoso(crear-un-autor;creación-de-autor-no-exitoso)
--------------------------------------------------------------------------------
[Test worker] INFO  - 
  _____   ___   ___   _____     ___     _     ___   ___   ___   ___  
 |_   _| | __| / __| |_   _|   | _ \   /_\   / __| / __| | __| |   \ 
   | |   | _|  \__ \   | |     |  _/  / _ \  \__ \ \__ \ | _|  | |) |
   |_|   |___| |___/   |_|     |_|   /_/ \_\ |___/ |___/ |___| |___/ 

Creación de autor no exitoso
----------------------------------------------------------------------
]]></system-err>
</testsuite>
