<?xml version="1.0" encoding="UTF-8"?>
<testsuite name="Eliminar un usuario" tests="2" skipped="0" failures="0" errors="0" timestamp="2023-02-24T18:05:12" hostname="DESKTOP-PBMP74A" time="2.268">
  <properties/>
  <testcase name="Eliminación de usuario exitoso" classname="Eliminar un usuario" time="1.19"/>
  <testcase name="Eliminación de usuario no exitoso" classname="Eliminar un usuario" time="1.077"/>
  <system-out><![CDATA[]]></system-out>
  <system-err><![CDATA[[Test worker] INFO io.cucumber.core.plugin.SerenityReporter - Running feature from file:///D:/sofka/calidad/reto/reto_sura_api/retoSura/retoSura/co.com.retoSura/src/test/resources/features/api/usuario/eliminarUsuario.feature
[Test worker] INFO  - 
  _____   ___   ___   _____     ___   _____     _     ___   _____   ___   ___  
 |_   _| | __| / __| |_   _|   / __| |_   _|   /_\   | _ \ |_   _| | __| |   \ 
   | |   | _|  \__ \   | |     \__ \   | |    / _ \  |   /   | |   | _|  | |) |
   |_|   |___| |___/   |_|     |___/   |_|   /_/ \_\ |_|_\   |_|   |___| |___/ 

Eliminación de usuario exitoso(eliminar-un-usuario;eliminación-de-usuario-exitoso)
--------------------------------------------------------------------------------
[Test worker] INFO  - 
  _____   ___   ___   _____     ___     _     ___   ___   ___   ___  
 |_   _| | __| / __| |_   _|   | _ \   /_\   / __| / __| | __| |   \ 
   | |   | _|  \__ \   | |     |  _/  / _ \  \__ \ \__ \ | _|  | |) |
   |_|   |___| |___/   |_|     |_|   /_/ \_\ |___/ |___/ |___| |___/ 

Eliminación de usuario exitoso
----------------------------------------------------------------------
[Test worker] INFO io.cucumber.core.plugin.SerenityReporter - Running feature from file:///D:/sofka/calidad/reto/reto_sura_api/retoSura/retoSura/co.com.retoSura/src/test/resources/features/api/usuario/eliminarUsuario.feature
[Test worker] INFO  - 
  _____   ___   ___   _____     ___   _____     _     ___   _____   ___   ___  
 |_   _| | __| / __| |_   _|   / __| |_   _|   /_\   | _ \ |_   _| | __| |   \ 
   | |   | _|  \__ \   | |     \__ \   | |    / _ \  |   /   | |   | _|  | |) |
   |_|   |___| |___/   |_|     |___/   |_|   /_/ \_\ |_|_\   |_|   |___| |___/ 

Eliminación de usuario no exitoso(eliminar-un-usuario;eliminación-de-usuario-no-exitoso)
--------------------------------------------------------------------------------
[Test worker] INFO  - 
  _____   ___   ___   _____     ___     _     ___   ___   ___   ___  
 |_   _| | __| / __| |_   _|   | _ \   /_\   / __| / __| | __| |   \ 
   | |   | _|  \__ \   | |     |  _/  / _ \  \__ \ \__ \ | _|  | |) |
   |_|   |___| |___/   |_|     |_|   /_/ \_\ |___/ |___/ |___| |___/ 

Eliminación de usuario no exitoso
----------------------------------------------------------------------
]]></system-err>
</testsuite>
