<?xml version="1.0" encoding="UTF-8"?>
<testsuite name="Eliminar un autor" tests="2" skipped="0" failures="0" errors="0" timestamp="2023-02-23T21:41:47" hostname="DESKTOP-PBMP74A" time="2.391">
  <properties/>
  <testcase name="Eliminación de autor exitoso" classname="Eliminar un autor" time="1.311"/>
  <testcase name="Eliminación de autor no exitoso" classname="Eliminar un autor" time="1.08"/>
  <system-out><![CDATA[]]></system-out>
  <system-err><![CDATA[[Test worker] INFO io.cucumber.core.plugin.SerenityReporter - Running feature from file:///D:/sofka/calidad/reto/reto_sura_api/retoSura/retoSura/co.com.retoSura/src/test/resources/features/api/autor/eliminarAutor.feature
[Test worker] INFO  - 
  _____   ___   ___   _____     ___   _____     _     ___   _____   ___   ___  
 |_   _| | __| / __| |_   _|   / __| |_   _|   /_\   | _ \ |_   _| | __| |   \ 
   | |   | _|  \__ \   | |     \__ \   | |    / _ \  |   /   | |   | _|  | |) |
   |_|   |___| |___/   |_|     |___/   |_|   /_/ \_\ |_|_\   |_|   |___| |___/ 

Eliminación de autor exitoso(eliminar-un-autor;eliminación-de-autor-exitoso)
--------------------------------------------------------------------------------
[Test worker] INFO  - 
  _____   ___   ___   _____     ___     _     ___   ___   ___   ___  
 |_   _| | __| / __| |_   _|   | _ \   /_\   / __| / __| | __| |   \ 
   | |   | _|  \__ \   | |     |  _/  / _ \  \__ \ \__ \ | _|  | |) |
   |_|   |___| |___/   |_|     |_|   /_/ \_\ |___/ |___/ |___| |___/ 

Eliminación de autor exitoso
----------------------------------------------------------------------
[Test worker] INFO io.cucumber.core.plugin.SerenityReporter - Running feature from file:///D:/sofka/calidad/reto/reto_sura_api/retoSura/retoSura/co.com.retoSura/src/test/resources/features/api/autor/eliminarAutor.feature
[Test worker] INFO  - 
  _____   ___   ___   _____     ___   _____     _     ___   _____   ___   ___  
 |_   _| | __| / __| |_   _|   / __| |_   _|   /_\   | _ \ |_   _| | __| |   \ 
   | |   | _|  \__ \   | |     \__ \   | |    / _ \  |   /   | |   | _|  | |) |
   |_|   |___| |___/   |_|     |___/   |_|   /_/ \_\ |_|_\   |_|   |___| |___/ 

Eliminación de autor no exitoso(eliminar-un-autor;eliminación-de-autor-no-exitoso)
--------------------------------------------------------------------------------
[Test worker] INFO  - 
  _____   ___   ___   _____     ___     _     ___   ___   ___   ___  
 |_   _| | __| / __| |_   _|   | _ \   /_\   / __| / __| | __| |   \ 
   | |   | _|  \__ \   | |     |  _/  / _ \  \__ \ \__ \ | _|  | |) |
   |_|   |___| |___/   |_|     |_|   /_/ \_\ |___/ |___/ |___| |___/ 

Eliminación de autor no exitoso
----------------------------------------------------------------------
]]></system-err>
</testsuite>
